first_solution
truck 0
0 0
3 1

drone 0
0 0
first_solution
truck 0
0 0
2 1

drone 0
0 0
first_solution
truck 0
0 0
4 1

drone 0
0 0
first_solution
truck 0
0 0
1 1

drone 0
0 0
first_solution
truck 0
0 0
4 1

drone 0
0 0
first_solution
truck 0
0 0
1 1

drone 0
0 0
first_solution
truck 0
0 0
3 1

drone 0
0 0
first_solution
truck 0
0 0
3 1

drone 0
0 0
first_solution
truck 0
0 0
2 1

drone 0
0 0
first_solution
truck 0
0 0
4 1

drone 0
0 0
first_solution
truck 0
0 0
1 1

drone 0
0 0
first_solution
truck 0
0 0
3 1

drone 0
0 0
first_solution
truck 0
0 0
3 1

drone 0
0 0
first_solution
truck 0
0 0
3 1

drone 0
0 0
first_solution
truck 0
0 0
3 1

drone 0
0 0
first_solution
truck 0
0 0
3 1

drone 0
0 0
first_solution
truck 0
0 0
3 1

drone 0
0 0
first_solution
truck 0
0 0
2 1

drone 0
0 0
first_solution
truck 0
0 0
4 1

drone 0
0 0
first_solution
truck 0
0 0
1 1

drone 0
0 0
first_solution
truck 0
0 0
2 1

drone 0
0 0
first_solution
truck 0
0 0
1 1

drone 0
0 0
first_solution
truck 0
0 0
1 1

drone 0
0 0
first_solution
truck 0
0 0
4 1

drone 0
0 0
first_solution
truck 0
0 0
2 1

drone 0
0 0
first_solution
truck 0
0 0
2 1

drone 0
0 0
first_solution
truck 0
0 0
3 1

drone 0
0 0
first_solution
truck 0
0 0
1 1

drone 0
0 0
first_solution
truck 0
0 0
1 1

drone 0
0 0
first_solution
truck 0
0 0
2 1

drone 0
0 0
first_solution
truck 0
0 0
1 1

drone 0
0 0
first_solution
truck 0
0 0
3 1

drone 0
0 0
first_solution
truck 0
0 0
2 1

drone 0
0 0
first_solution
truck 0
0 0
1 1

drone 0
0 0
first_solution
truck 0
0 0
2 1

drone 0
0 0
first_solution
truck 0
0 0
2 1

drone 0
0 0
first_solution
truck 0
0 0
2 1

drone 0
0 0
first_solution
truck 0
0 0
3 1

drone 0
0 0
first_solution
truck 0
0 0
4 1

drone 0
0 0
first_solution
truck 0
0 0
3 1

drone 0
0 0
first_solution
truck 0
0 0
1 1

drone 0
0 0
first_solution
truck 0
0 0
3 1

drone 0
0 0
first_solution
truck 0
0 0
1 1

drone 0
0 0
first_solution
truck 0
0 0
3 1

drone 0
0 0
first_solution
truck 0
0 0
1 1

drone 0
0 0
first_solution
truck 0
0 0
3 1

drone 0
0 0
first_solution
truck 0
0 0
2 1

drone 0
0 0
first_solution
truck 0
0 0
4 1

drone 0
0 0
first_solution
truck 0
0 0
3 1

drone 0
0 0
first_solution
truck 0
0 0
2 1

drone 0
0 0
