7175
7125
7125
7150
7150
7575
7475
7575
7625
7625
7525
7525
7525
7575
7725
7725
7750
7750
7750
7750
8000
7750
7750
7750
7750
7750
7750
7750
7750
7750
7750
7750
7925
7750
7925
7925
7925
7925
7925
7925
7925
7925
7925
7925
7925
7950
7950
7950
7950
7950
7950
7950
7950
7950
7950
7950
7950
7950
7950
7950
7950
7950
7950
7950
7950
7950
7950
7950
7950
7950
7950
7950
7950
7950
7950
7950
7950
7950
7950
7950
7950
7950
7950
7700
7950
7950
7950
7950
7950
7950
7950
7950
7950
7950
7950
7950
7950
7950
7950
7950
7950
complete running
convergence after 32
Solution is 7925
